{"level":"info","ts":"2026-07-01T04:33:55.642Z","caller":"config/config.go:170","msg":"config loaded: server=nmsappsrv, port=8080"}
{"level":"fatal","ts":"2026-07-01T04:33:55.673Z","caller":"cmd/main.go:92","msg":"database init failed: failed to connect database: dial tcp 127.0.0.1:3306: connectex: No connection could be made because the target machine actively refused it."}
{"level":"info","ts":"2026-07-01T05:51:46.125Z","caller":"config/config.go:170","msg":"config loaded: server=nmsappsrv, port=8080"}
{"level":"info","ts":"2026-07-01T05:51:46.147Z","caller":"nmsbackup/scheduler.go:34","msg":"nmsbackup: no scheduled backup tasks found"}
{"level":"info","ts":"2026-07-01T05:51:46.148Z","caller":"snmp/receiver.go:57","msg":"SNMP trap receiver starting on 0.0.0.0:162"}
{"level":"info","ts":"2026-07-01T05:51:46.148Z","caller":"websocket/bridge.go:60","msg":"websocket: bridge started"}
{"level":"info","ts":"2026-07-01T05:51:46.148Z","caller":"tr069/offline_worker.go:43","msg":"offline detection worker starting"}
{"level":"info","ts":"2026-07-01T05:51:46.148Z","caller":"snmp/worker.go:37","msg":"SNMP worker starting"}
{"level":"info","ts":"2026-07-01T05:51:46.148Z","caller":"parameter/scheduler.go:44","msg":"parameter scheduler starting"}
{"level":"info","ts":"2026-07-01T05:51:46.148Z","caller":"cmd/main.go:805","msg":"NMS server starting on port 8080..."}
{"level":"info","ts":"2026-07-01T05:51:46.148Z","caller":"upgrade/worker.go:62","msg":"upgrade worker started"}
{"level":"info","ts":"2026-07-01T05:51:46.148Z","caller":"mml/worker.go:57","msg":"MML worker starting"}
{"level":"info","ts":"2026-07-01T05:51:46.148Z","caller":"resources/collector.go:46","msg":"resource collector starting"}
{"level":"info","ts":"2026-07-01T05:51:46.148Z","caller":"snmp/poller.go:41","msg":"SNMP poller starting"}
{"level":"info","ts":"2026-07-01T05:51:46.148Z","caller":"tr069/ztp_worker.go:57","msg":"ZTP provisioning worker starting"}
{"level":"error","ts":"2026-07-01T05:51:46.148Z","caller":"utils/recover.go:16","msg":"[PANIC-RECOVER] upgrade-worker: runtime error: invalid memory address or nil pointer dereference\ngoroutine 10 [running]:\nruntime/debug.Stack()\n\tC:/Users/Administrator/.g/go/src/runtime/debug/stack.go:26 +0x5e\nnmsappsrv/pkg/utils.SafeGo.func1.1()\n\tD:/1-sw-work/das/wirelessnetwork/nmsappsrv/pkg/utils/recover.go:16 +0x49\npanic({0x7ff7a3551d58?, 0x7ff7a3709d60?})\n\tC:/Users/Administrator/.g/go/src/runtime/panic.go:859 +0x125\nnmsappsrv/pkg/redis.BRPop({0x7ff7a360e360?, 0x7ff7a37aa5a0?}, 0x0?, {0x34cda7143f68?, 0x0?, 0x0?})\n\tD:/1-sw-work/das/wirelessnetwork/nmsappsrv/pkg/redis/client.go:55 +0x24\nnmsappsrv/internal/upgrade.(*UpgradeWorker).pollLoop(0x34cda6f621e0)\n\tD:/1-sw-work/das/wirelessnetwork/nmsappsrv/internal/upgrade/worker.go:94 +0x7c\nnmsappsrv/internal/upgrade.(*UpgradeWorker).Start.func1()\n\tD:/1-sw-work/das/wirelessnetwork/nmsappsrv/internal/upgrade/worker.go:60 +0x17\nnmsappsrv/pkg/utils.SafeGo.func1()\n\tD:/1-sw-work/das/wirelessnetwork/nmsappsrv/pkg/utils/recover.go:19 +0x53\ncreated by nmsappsrv/pkg/utils.SafeGo in goroutine 44\n\tD:/1-sw-work/das/wirelessnetwork/nmsappsrv/pkg/utils/recover.go:13 +0x85\n"}
{"level":"info","ts":"2026-07-01T05:51:46.148Z","caller":"alarm/notifier.go:54","msg":"alarm notifier started"}
{"level":"info","ts":"2026-07-01T05:51:46.148Z","caller":"scheduler/scheduler.go:43","msg":"unified cron scheduler started"}
{"level":"error","ts":"2026-07-01T05:51:46.148Z","caller":"utils/recover.go:16","msg":"[PANIC-RECOVER] ws-bridge-queue: runtime error: invalid memory address or nil pointer dereference\ngoroutine 23 [running]:\nruntime/debug.Stack()\n\tC:/Users/Administrator/.g/go/src/runtime/debug/stack.go:26 +0x5e\nnmsappsrv/pkg/utils.SafeGo.func1.1()\n\tD:/1-sw-work/das/wirelessnetwork/nmsappsrv/pkg/utils/recover.go:16 +0x49\npanic({0x7ff7a3551d58?, 0x7ff7a3709d60?})\n\tC:/Users/Administrator/.g/go/src/runtime/panic.go:859 +0x125\nnmsappsrv/pkg/redis.BRPop({0x7ff7a360e2b8?, 0x34cda6d7a5a0?}, 0x0?, {0x34cda712df60?, 0x0?, 0x0?})\n\tD:/1-sw-work/das/wirelessnetwork/nmsappsrv/pkg/redis/client.go:55 +0x24\nnmsappsrv/internal/websocket.(*Bridge).consumeWebCallbackQueue(0x34cda6cad080, {0x7ff7a360e2b8, 0x34cda6d7a5a0})\n\tD:/1-sw-work/das/wirelessnetwork/nmsappsrv/internal/websocket/bridge.go:131 +0xa9\nnmsappsrv/internal/websocket.(*Bridge).Start.func2()\n\tD:/1-sw-work/das/wirelessnetwork/nmsappsrv/internal/websocket/bridge.go:57 +0x1f\nnmsappsrv/pkg/utils.SafeGo.func1()\n\tD:/1-sw-work/das/wirelessnetwork/nmsappsrv/pkg/utils/recover.go:19 +0x53\ncreated by nmsappsrv/pkg/utils.SafeGo in goroutine 39\n\tD:/1-sw-work/das/wirelessnetwork/nmsappsrv/pkg/utils/recover.go:13 +0x85\n"}
{"level":"error","ts":"2026-07-01T05:51:46.148Z","caller":"utils/recover.go:16","msg":"[PANIC-RECOVER] alarm-notifier: runtime error: invalid memory address or nil pointer dereference\ngoroutine 66 [running]:\nruntime/debug.Stack()\n\tC:/Users/Administrator/.g/go/src/runtime/debug/stack.go:26 +0x5e\nnmsappsrv/pkg/utils.SafeGo.func1.1()\n\tD:/1-sw-work/das/wirelessnetwork/nmsappsrv/pkg/utils/recover.go:16 +0x49\npanic({0x7ff7a3551d58?, 0x7ff7a3709d60?})\n\tC:/Users/Administrator/.g/go/src/runtime/panic.go:859 +0x125\ngithub.com/go-redis/redis/v8.(*Client).pubSub(...)\n\tC:/gopath/pkg/mod/github.com/go-redis/redis/v8@v8.11.5/redis.go:649\ngithub.com/go-redis/redis/v8.(*Client).Subscribe(0x0, {0x7ff7a360e360, 0x7ff7a37aa5a0}, {0x34cda7207f60, 0x1, 0x1})\n\tC:/gopath/pkg/mod/github.com/go-redis/redis/v8@v8.11.5/redis.go:687 +0x4a\nnmsappsrv/pkg/redis.Subscribe(...)\n\tD:/1-sw-work/das/wirelessnetwork/nmsappsrv/pkg/redis/client.go:128\nnmsappsrv/internal/alarm.(*AlarmNotifier).run(0x34cda6f022d0)\n\tD:/1-sw-work/das/wirelessnetwork/nmsappsrv/internal/alarm/notifier.go:79 +0x70\nnmsappsrv/internal/alarm.(*AlarmNotifier).Start.func1()\n\tD:/1-sw-work/das/wirelessnetwork/nmsappsrv/internal/alarm/notifier.go:51 +0x17\nnmsappsrv/pkg/utils.SafeGo.func1()\n\tD:/1-sw-work/das/wirelessnetwork/nmsappsrv/pkg/utils/recover.go:19 +0x53\ncreated by nmsappsrv/pkg/utils.SafeGo in goroutine 49\n\tD:/1-sw-work/das/wirelessnetwork/nmsappsrv/pkg/utils/recover.go:13 +0x85\n"}
{"level":"error","ts":"2026-07-01T05:51:46.148Z","caller":"utils/recover.go:16","msg":"[PANIC-RECOVER] ws-bridge-pubsub: runtime error: invalid memory address or nil pointer dereference\ngoroutine 22 [running]:\nruntime/debug.Stack()\n\tC:/Users/Administrator/.g/go/src/runtime/debug/stack.go:26 +0x5e\nnmsappsrv/pkg/utils.SafeGo.func1.1()\n\tD:/1-sw-work/das/wirelessnetwork/nmsappsrv/pkg/utils/recover.go:16 +0x49\npanic({0x7ff7a3551d58?, 0x7ff7a3709d60?})\n\tC:/Users/Administrator/.g/go/src/runtime/panic.go:859 +0x125\ngithub.com/go-redis/redis/v8.(*Client).pubSub(...)\n\tC:/gopath/pkg/mod/github.com/go-redis/redis/v8@v8.11.5/redis.go:649\ngithub.com/go-redis/redis/v8.(*Client).Subscribe(0x0, {0x7ff7a360e2b8, 0x34cda6d7a5a0}, {0x34cda7108000, 0x3, 0x3})\n\tC:/gopath/pkg/mod/github.com/go-redis/redis/v8@v8.11.5/redis.go:687 +0x4a\nnmsappsrv/pkg/redis.Subscribe(...)\n\tD:/1-sw-work/das/wirelessnetwork/nmsappsrv/pkg/redis/client.go:128\nnmsappsrv/internal/websocket.(*Bridge).subscribePubSub(0x34cda6cad080, {0x7ff7a360e2b8, 0x34cda6d7a5a0})\n\tD:/1-sw-work/das/wirelessnetwork/nmsappsrv/internal/websocket/bridge.go:78 +0x1c5\nnmsappsrv/internal/websocket.(*Bridge).Start.func1()\n\tD:/1-sw-work/das/wirelessnetwork/nmsappsrv/internal/websocket/bridge.go:52 +0x1f\nnmsappsrv/pkg/utils.SafeGo.func1()\n\tD:/1-sw-work/das/wirelessnetwork/nmsappsrv/pkg/utils/recover.go:19 +0x53\ncreated by nmsappsrv/pkg/utils.SafeGo in goroutine 39\n\tD:/1-sw-work/das/wirelessnetwork/nmsappsrv/pkg/utils/recover.go:13 +0x85\n"}
{"level":"error","ts":"2026-07-01T05:51:46.149Z","caller":"utils/recover.go:16","msg":"[PANIC-RECOVER] snmp-worker: runtime error: invalid memory address or nil pointer dereference\ngoroutine 82 [running]:\nruntime/debug.Stack()\n\tC:/Users/Administrator/.g/go/src/runtime/debug/stack.go:26 +0x5e\nnmsappsrv/pkg/utils.SafeGo.func1.1()\n\tD:/1-sw-work/das/wirelessnetwork/nmsappsrv/pkg/utils/recover.go:16 +0x49\npanic({0x7ff7a3551d58?, 0x7ff7a3709d60?})\n\tC:/Users/Administrator/.g/go/src/runtime/panic.go:859 +0x125\nnmsappsrv/pkg/redis.BRPop({0x7ff7a360e328?, 0x34cda70f6310?}, 0x12a05f200?, {0x34cda7189f18?, 0x7ff7a26ae878?, 0x34cda7189de8?})\n\tD:/1-sw-work/das/wirelessnetwork/nmsappsrv/pkg/redis/client.go:55 +0x24\nnmsappsrv/internal/snmp.(*Worker).pollLoop(0x34cda6cad0b0)\n\tD:/1-sw-work/das/wirelessnetwork/nmsappsrv/internal/snmp/worker.go:64 +0xaa\nnmsappsrv/internal/snmp.(*Worker).Start.func1()\n\tD:/1-sw-work/das/wirelessnetwork/nmsappsrv/internal/snmp/worker.go:40 +0x17\nnmsappsrv/pkg/utils.SafeGo.func1()\n\tD:/1-sw-work/das/wirelessnetwork/nmsappsrv/pkg/utils/recover.go:19 +0x53\ncreated by nmsappsrv/pkg/utils.SafeGo in goroutine 40\n\tD:/1-sw-work/das/wirelessnetwork/nmsappsrv/pkg/utils/recover.go:13 +0x85\n"}
{"level":"error","ts":"2026-07-01T05:51:46.149Z","caller":"utils/recover.go:16","msg":"[PANIC-RECOVER] mml-worker: runtime error: invalid memory address or nil pointer dereference\ngoroutine 25 [running]:\nruntime/debug.Stack()\n\tC:/Users/Administrator/.g/go/src/runtime/debug/stack.go:26 +0x5e\nnmsappsrv/pkg/utils.SafeGo.func1.1()\n\tD:/1-sw-work/das/wirelessnetwork/nmsappsrv/pkg/utils/recover.go:16 +0x49\npanic({0x7ff7a3551d58?, 0x7ff7a3709d60?})\n\tC:/Users/Administrator/.g/go/src/runtime/panic.go:859 +0x125\nnmsappsrv/pkg/redis.BRPop({0x7ff7a360e328?, 0x34cda71f2000?}, 0x12a05f200?, {0x34cda7133f68?, 0x0?, 0x0?})\n\tD:/1-sw-work/das/wirelessnetwork/nmsappsrv/pkg/redis/client.go:55 +0x24\nnmsappsrv/internal/mml.(*MMLWorker).pollLoop(0x34cda6f62240)\n\tD:/1-sw-work/das/wirelessnetwork/nmsappsrv/internal/mml/worker.go:88 +0x98\nnmsappsrv/internal/mml.(*MMLWorker).Start.func1()\n\tD:/1-sw-work/das/wirelessnetwork/nmsappsrv/internal/mml/worker.go:60 +0x17\nnmsappsrv/pkg/utils.SafeGo.func1()\n\tD:/1-sw-work/das/wirelessnetwork/nmsappsrv/pkg/utils/recover.go:19 +0x53\ncreated by nmsappsrv/pkg/utils.SafeGo in goroutine 45\n\tD:/1-sw-work/das/wirelessnetwork/nmsappsrv/pkg/utils/recover.go:13 +0x85\n"}
{"level":"error","ts":"2026-07-01T05:51:46.149Z","caller":"utils/recover.go:16","msg":"[PANIC-RECOVER] ztp-worker: runtime error: invalid memory address or nil pointer dereference\ngoroutine 27 [running]:\nruntime/debug.Stack()\n\tC:/Users/Administrator/.g/go/src/runtime/debug/stack.go:26 +0x5e\nnmsappsrv/pkg/utils.SafeGo.func1.1()\n\tD:/1-sw-work/das/wirelessnetwork/nmsappsrv/pkg/utils/recover.go:16 +0x49\npanic({0x7ff7a3551d58?, 0x7ff7a3709d60?})\n\tC:/Users/Administrator/.g/go/src/runtime/panic.go:859 +0x125\nnmsappsrv/pkg/redis.BRPop({0x7ff7a360e328?, 0x34cda71f2230?}, 0x12a05f200?, {0x34cda70dff68?, 0x7ff7a2ae19ec?, 0x7ff7a267f309?})\n\tD:/1-sw-work/das/wirelessnetwork/nmsappsrv/pkg/redis/client.go:55 +0x24\nnmsappsrv/internal/tr069.(*ZTPWorker).pollLoop(0x34cda6e79c60)\n\tD:/1-sw-work/das/wirelessnetwork/nmsappsrv/internal/tr069/ztp_worker.go:84 +0x93\nnmsappsrv/internal/tr069.(*ZTPWorker).Start.func1()\n\tD:/1-sw-work/das/wirelessnetwork/nmsappsrv/internal/tr069/ztp_worker.go:60 +0x17\nnmsappsrv/pkg/utils.SafeGo.func1()\n\tD:/1-sw-work/das/wirelessnetwork/nmsappsrv/pkg/utils/recover.go:19 +0x53\ncreated by nmsappsrv/pkg/utils.SafeGo in goroutine 43\n\tD:/1-sw-work/das/wirelessnetwork/nmsappsrv/pkg/utils/recover.go:13 +0x85\n"}
{"level":"info","ts":"2026-07-01T07:53:55.280Z","caller":"config/config.go:170","msg":"config loaded: server=nmsappsrv, port=8080"}
{"level":"info","ts":"2026-07-01T07:53:55.614Z","caller":"database/migrate.go:207","msg":"auto migrating 124 model tables..."}
{"level":"info","ts":"2026-07-01T08:16:38.132Z","caller":"config/config.go:170","msg":"config loaded: server=nmsappsrv, port=8080"}
{"level":"info","ts":"2026-07-01T08:30:48.494Z","caller":"config/config.go:170","msg":"config loaded: server=nmsappsrv, port=8080"}
{"level":"info","ts":"2026-07-01T08:31:25.724Z","caller":"config/config.go:170","msg":"config loaded: server=nmsappsrv, port=8080"}
{"level":"info","ts":"2026-07-01T08:32:02.612Z","caller":"config/config.go:170","msg":"config loaded: server=nmsappsrv, port=8080"}
{"level":"info","ts":"2026-07-01T08:32:02.627Z","caller":"database/database.go:58","msg":"database connected successfully"}
{"level":"info","ts":"2026-07-01T08:32:02.628Z","caller":"database/migrate.go:207","msg":"auto migrating 124 model tables..."}
{"level":"info","ts":"2026-07-01T08:32:14.089Z","caller":"database/migrate.go:211","msg":"all tables migrated successfully"}
{"level":"info","ts":"2026-07-01T08:32:14.095Z","caller":"redis/client.go:37","msg":"redis connected successfully"}
{"level":"error","ts":"2026-07-01T08:32:14.130Z","caller":"nmsbackup/scheduler.go:29","msg":"nmsbackup: failed to query scheduled backup tasks: Error 1054 (42S22): Unknown column 'deleted' in 'where clause'"}
{"level":"info","ts":"2026-07-01T08:32:14.131Z","caller":"snmp/receiver.go:57","msg":"SNMP trap receiver starting on 0.0.0.0:162"}
{"level":"info","ts":"2026-07-01T08:32:14.131Z","caller":"cmd/main.go:806","msg":"NMS server starting on port 8080..."}
{"level":"info","ts":"2026-07-01T08:32:14.132Z","caller":"snmp/poller.go:41","msg":"SNMP poller starting"}
{"level":"info","ts":"2026-07-01T08:32:14.131Z","caller":"tr069/ztp_worker.go:57","msg":"ZTP provisioning worker starting"}
{"level":"info","ts":"2026-07-01T08:32:14.132Z","caller":"upgrade/worker.go:62","msg":"upgrade worker started"}
{"level":"info","ts":"2026-07-01T08:32:14.132Z","caller":"parameter/scheduler.go:44","msg":"parameter scheduler starting"}
{"level":"info","ts":"2026-07-01T08:32:14.132Z","caller":"mml/worker.go:57","msg":"MML worker starting"}
{"level":"info","ts":"2026-07-01T08:32:14.132Z","caller":"scheduler/scheduler.go:43","msg":"unified cron scheduler started"}
{"level":"info","ts":"2026-07-01T08:32:14.133Z","caller":"resources/collector.go:46","msg":"resource collector starting"}
{"level":"info","ts":"2026-07-01T08:32:14.133Z","caller":"alarm/notifier.go:54","msg":"alarm notifier started"}
{"level":"info","ts":"2026-07-01T08:32:14.133Z","caller":"websocket/bridge.go:60","msg":"websocket: bridge started"}
{"level":"info","ts":"2026-07-01T08:32:14.133Z","caller":"snmp/worker.go:37","msg":"SNMP worker starting"}
{"level":"info","ts":"2026-07-01T08:32:14.133Z","caller":"tr069/offline_worker.go:43","msg":"offline detection worker starting"}
{"level":"info","ts":"2026-07-01T08:32:14.139Z","caller":"websocket/bridge.go:88","msg":"websocket: subscribed to Redis channels: [channel:alarm:notify device:status:change parameter:change]"}
{"level":"warn","ts":"2026-07-01T08:32:44.138Z","caller":"snmp/poller.go:113","msg":"SNMP poller: failed to load config: Error 1054 (42S22): Unknown column 'value' in 'field list'"}
{"level":"warn","ts":"2026-07-01T08:33:14.144Z","caller":"parameter/scheduler.go:103","msg":"parameter scheduler: failed to load config: Error 1054 (42S22): Unknown column 'value' in 'field list'"}
{"level":"info","ts":"2026-07-01T08:33:18.677Z","caller":"alarm/notifier.go:66","msg":"alarm notifier stopped"}
{"level":"info","ts":"2026-07-01T08:33:18.677Z","caller":"parammonitor/threshold.go:87","msg":"threshold checker stopped"}
{"level":"info","ts":"2026-07-01T08:33:18.677Z","caller":"parammonitor/threshold.go:87","msg":"threshold checker stopped"}
{"level":"info","ts":"2026-07-01T08:33:18.678Z","caller":"scheduler/scheduler.go:57","msg":"unified cron scheduler stopped"}
{"level":"info","ts":"2026-07-01T08:33:18.678Z","caller":"resources/collector.go:59","msg":"resource collector stopped"}
{"level":"info","ts":"2026-07-01T08:33:18.678Z","caller":"parameter/scheduler.go:58","msg":"parameter scheduler stopped"}
{"level":"info","ts":"2026-07-01T08:33:18.679Z","caller":"mml/worker.go:73","msg":"MML worker stopped"}
{"level":"info","ts":"2026-07-01T08:33:18.679Z","caller":"upgrade/worker.go:74","msg":"upgrade worker stopped"}
{"level":"info","ts":"2026-07-01T08:33:18.679Z","caller":"tr069/ztp_worker.go:69","msg":"ZTP provisioning worker stopped"}
{"level":"info","ts":"2026-07-01T08:33:18.680Z","caller":"tr069/offline_worker.go:55","msg":"offline detection worker stopped"}
{"level":"info","ts":"2026-07-01T08:33:18.680Z","caller":"snmp/poller.go:57","msg":"SNMP poller stopped"}
{"level":"info","ts":"2026-07-01T08:33:18.680Z","caller":"snmp/worker.go:49","msg":"SNMP worker stopped"}
{"level":"info","ts":"2026-07-01T08:33:18.680Z","caller":"websocket/bridge.go:68","msg":"websocket: bridge stopped"}
{"level":"info","ts":"2026-07-01T09:02:35.941Z","caller":"config/config.go:170","msg":"config loaded: server=nmsappsrv, port=8080"}
{"level":"info","ts":"2026-07-01T09:02:35.960Z","caller":"database/database.go:58","msg":"database connected successfully"}
{"level":"info","ts":"2026-07-01T09:02:35.961Z","caller":"database/migrate.go:207","msg":"auto migrating 124 model tables..."}
{"level":"info","ts":"2026-07-01T09:02:39.953Z","caller":"database/migrate.go:211","msg":"all tables migrated successfully"}
{"level":"info","ts":"2026-07-01T09:02:39.958Z","caller":"redis/client.go:37","msg":"redis connected successfully"}
{"level":"info","ts":"2026-07-01T09:02:39.962Z","caller":"nmsbackup/scheduler.go:34","msg":"nmsbackup: no scheduled backup tasks found"}
{"level":"info","ts":"2026-07-01T09:02:39.962Z","caller":"snmp/receiver.go:57","msg":"SNMP trap receiver starting on 0.0.0.0:162"}
{"level":"info","ts":"2026-07-01T09:02:39.963Z","caller":"cmd/main.go:806","msg":"NMS server starting on port 8080..."}
{"level":"info","ts":"2026-07-01T09:02:39.963Z","caller":"tr069/ztp_worker.go:57","msg":"ZTP provisioning worker starting"}
{"level":"info","ts":"2026-07-01T09:02:39.963Z","caller":"parameter/scheduler.go:44","msg":"parameter scheduler starting"}
{"level":"info","ts":"2026-07-01T09:02:39.963Z","caller":"scheduler/scheduler.go:43","msg":"unified cron scheduler started"}
{"level":"info","ts":"2026-07-01T09:02:39.963Z","caller":"upgrade/worker.go:62","msg":"upgrade worker started"}
{"level":"info","ts":"2026-07-01T09:02:39.963Z","caller":"alarm/notifier.go:54","msg":"alarm notifier started"}
{"level":"info","ts":"2026-07-01T09:02:39.963Z","caller":"snmp/worker.go:37","msg":"SNMP worker starting"}
{"level":"info","ts":"2026-07-01T09:02:39.963Z","caller":"websocket/bridge.go:60","msg":"websocket: bridge started"}
{"level":"info","ts":"2026-07-01T09:02:39.963Z","caller":"snmp/poller.go:41","msg":"SNMP poller starting"}
{"level":"info","ts":"2026-07-01T09:02:39.963Z","caller":"mml/worker.go:57","msg":"MML worker starting"}
{"level":"info","ts":"2026-07-01T09:02:39.963Z","caller":"tr069/offline_worker.go:43","msg":"offline detection worker starting"}
{"level":"info","ts":"2026-07-01T09:02:39.963Z","caller":"resources/collector.go:46","msg":"resource collector starting"}
{"level":"info","ts":"2026-07-01T09:02:39.968Z","caller":"websocket/bridge.go:88","msg":"websocket: subscribed to Redis channels: [channel:alarm:notify device:status:change parameter:change]"}
{"level":"info","ts":"2026-07-01T09:24:30.656Z","caller":"alarm/notifier.go:66","msg":"alarm notifier stopped"}
{"level":"info","ts":"2026-07-01T09:24:30.656Z","caller":"parammonitor/threshold.go:87","msg":"threshold checker stopped"}
{"level":"info","ts":"2026-07-01T09:24:30.656Z","caller":"parammonitor/threshold.go:87","msg":"threshold checker stopped"}
{"level":"info","ts":"2026-07-01T09:24:30.657Z","caller":"scheduler/scheduler.go:57","msg":"unified cron scheduler stopped"}
{"level":"info","ts":"2026-07-01T09:24:30.657Z","caller":"resources/collector.go:59","msg":"resource collector stopped"}
{"level":"info","ts":"2026-07-01T09:24:30.657Z","caller":"parameter/scheduler.go:58","msg":"parameter scheduler stopped"}
{"level":"info","ts":"2026-07-01T09:24:30.658Z","caller":"mml/worker.go:73","msg":"MML worker stopped"}
{"level":"info","ts":"2026-07-01T09:24:30.658Z","caller":"upgrade/worker.go:74","msg":"upgrade worker stopped"}
{"level":"info","ts":"2026-07-01T09:24:30.658Z","caller":"tr069/ztp_worker.go:69","msg":"ZTP provisioning worker stopped"}
{"level":"info","ts":"2026-07-01T09:24:30.658Z","caller":"tr069/offline_worker.go:55","msg":"offline detection worker stopped"}
{"level":"info","ts":"2026-07-01T09:24:30.659Z","caller":"snmp/poller.go:57","msg":"SNMP poller stopped"}
{"level":"info","ts":"2026-07-01T09:24:30.659Z","caller":"snmp/worker.go:49","msg":"SNMP worker stopped"}
{"level":"info","ts":"2026-07-01T09:24:30.659Z","caller":"websocket/bridge.go:68","msg":"websocket: bridge stopped"}
{"level":"info","ts":"2026-07-02T14:35:19.983Z","caller":"config/config.go:119","msg":"config loaded: server=nmsappsrv, port=8080"}
{"level":"info","ts":"2026-07-02T14:35:20.029Z","caller":"database/database.go:58","msg":"database connected successfully"}
{"level":"info","ts":"2026-07-02T14:35:20.030Z","caller":"database/migrate.go:159","msg":"auto migrating 106 model tables..."}
{"level":"info","ts":"2026-07-02T14:35:28.835Z","caller":"database/migrate.go:163","msg":"all tables migrated successfully"}
{"level":"info","ts":"2026-07-02T14:35:28.846Z","caller":"redis/client.go:37","msg":"redis connected successfully"}
{"level":"info","ts":"2026-07-02T14:35:28.847Z","caller":"snmp/receiver.go:52","msg":"SNMP trap receiver starting on 0.0.0.0:162"}
{"level":"info","ts":"2026-07-02T14:35:28.847Z","caller":"snmp/worker.go:35","msg":"SNMP worker starting"}
{"level":"info","ts":"2026-07-02T14:35:28.847Z","caller":"cmd/main.go:359","msg":"NMS server starting on port 8080..."}
{"level":"info","ts":"2026-07-02T14:35:52.257Z","caller":"cmd/main.go:369","msg":"shutting down server..."}
{"level":"info","ts":"2026-07-02T14:35:52.257Z","caller":"cmd/main.go:377","msg":"server exited"}
